#
# A fatal error has been detected by the Java Runtime Environment:
#
#  SIGSEGV (0xb) at pc=0x00007fffe7697017, pid=2701, tid=0x000000000001560b
#
# JRE version: Java(TM) SE Runtime Environment (8.0_144-b01) (build 1.8.0_144-b01)
# Java VM: Java HotSpot(TM) 64-Bit Server VM (25.144-b01 mixed mode bsd-amd64 compressed oops)
# Problematic frame:
# C  [libobjc.A.dylib+0x7017]  objc_msgSend+0x17
#
# Failed to write core dump. Core dumps have been disabled. To enable core dumping, try "ulimit -c unlimited" before starting Java again
#
# If you would like to submit a bug report, please visit:
#   http://bugreport.java.com/bugreport/crash.jsp
# The crash happened outside the Java Virtual Machine in native code.
# See problematic frame for where to report the bug.
#

---------------  T H R E A D  ---------------

Current thread (0x00007ff979a70800):  JavaThread "pool-4-thread-1" [_thread_in_native, id=87563, stack(0x000070000cb5e000,0x000070000cc5e000)]

siginfo: si_signo: 11 (SIGSEGV), si_code: 0 (unknown), si_addr: 0x0000000000000000

Registers:
RAX=0x0000000000000000, RBX=0x00007ff97d1937a0, RCX=0x0000000000000000, RDX=0x0000000000013000
RSP=0x000070000cc5d378, RBP=0x000070000cc5d3a0, RSI=0x00007fffd0ab0557, RDI=0x200007ff97a69004
R8 =0x0000000000013000, R9 =0x00007ff97d19be90, R10=0x00007ffffffffff8, R11=0x00007ff97d19be94
R12=0x0000000000000010, R13=0x000070000cc5d818, R14=0x0000000000000000, R15=0x0000000000000008
RIP=0x00007fffe7697017, EFLAGS=0x0000000000010246, ERR=0x0000000000000000
  TRAPNO=0x000000000000000d

Top of Stack: (sp=0x000070000cc5d378)
0x000070000cc5d378:   0000000128b367c3 00007fffe7697000
0x000070000cc5d388:   0000000000000000 00007ff977f93b60
0x000070000cc5d398:   00007ff97a6975d0 000070000cc5d3d0
0x000070000cc5d3a8:   0000000128b35d3b 000000012bc08870
0x000070000cc5d3b8:   00007ff977c34170 000070000cc5d450
0x000070000cc5d3c8:   00007ff979a70800 000070000cc5d3e0
0x000070000cc5d3d8:   0000000128b260bf 000070000cc5d410
0x000070000cc5d3e8:   0000000128b26f48 0000000000000000
0x000070000cc5d3f8:   0000000000000000 0000700000000000
0x000070000cc5d408:   00007ff977c34170 000070000cc5d440
0x000070000cc5d418:   0000000128b2737a 0000000000000000
0x000070000cc5d428:   00007ff900000000 00007ff979a709f8
0x000070000cc5d438:   000070000cc5d4c0 000070000cc5d480
0x000070000cc5d448:   00000001281b1281 0000700002010000
0x000070000cc5d458:   00007ff97d17e110 0000000000000000
0x000070000cc5d468:   00000007403e8738 000000012f3a6160
0x000070000cc5d478:   000070000cc5d4c0 000070000cc5d4d0
0x000070000cc5d488:   0000000118022136 0000000795904208
0x000070000cc5d498:   0000000040200021 000070000cc5d4d0
0x000070000cc5d4a8:   000070000cc5d4d0 00000007403e8738
0x000070000cc5d4b8:   00000007c00c5428 00000007404398a0
0x000070000cc5d4c8:   0000000795904208 000070000cc5d860
0x000070000cc5d4d8:   000000011801f17c 0000000795acfe90
0x000070000cc5d4e8:   0000000795acfbf8 0000000000000000
0x000070000cc5d4f8:   000002d000000500 0000000795ad02d0
0x000070000cc5d508:   000000079d380088 00007ff979a70800
0x000070000cc5d518:   000070000cc5d8b8 000070000cc5d818
0x000070000cc5d528:   0000000700000000 0000000795904158
0x000070000cc5d538:   0000000795904208 00000007403e8738
0x000070000cc5d548:   000070000cc5d5a0 000070000cc5d590
0x000070000cc5d558:   000000010d148dec 0000000740437f70
0x000070000cc5d568:   0000000000000000 000070000cc5d860 

Instructions: (pc=0x00007fffe7697017)
0x00007fffe7696ff7:   84 00 00 00 00 00 0f 1f 00 48 85 ff 2e 74 62 40
0x00007fffe7697007:   f6 c7 01 2e 75 66 49 ba f8 ff ff ff ff 7f 00 00
0x00007fffe7697017:   4c 23 17 49 89 f3 45 23 5a 18 49 c1 e3 04 4d 03
0x00007fffe7697027:   5a 10 49 3b 33 75 04 41 ff 63 08 49 83 3b 01 76 

Register to memory mapping:

RAX=0x0000000000000000 is an unknown value
RBX=0x00007ff97d1937a0 is an unknown value
RCX=0x0000000000000000 is an unknown value
RDX=0x0000000000013000 is an unknown value
RSP=0x000070000cc5d378 is pointing into the stack for thread: 0x00007ff979a70800
RBP=0x000070000cc5d3a0 is pointing into the stack for thread: 0x00007ff979a70800
RSI=0x00007fffd0ab0557: __NSStyleNameIndexTable+0x7d19f in /System/Library/Frameworks/AppKit.framework/Versions/C/AppKit at 0x00007fffcfe46000
RDI=0x200007ff97a69004 is an unknown value
R8 =0x0000000000013000 is an unknown value
R9 =0x00007ff97d19be90 is an unknown value
R10=0x00007ffffffffff8 is an unknown value
R11=0x00007ff97d19be94 is an unknown value
R12=0x0000000000000010 is an unknown value
R13=0x000070000cc5d818 is pointing into the stack for thread: 0x00007ff979a70800
R14=0x0000000000000000 is an unknown value
R15=0x0000000000000008 is an unknown value


Stack: [0x000070000cb5e000,0x000070000cc5e000],  sp=0x000070000cc5d378,  free space=1020k
Native frames: (J=compiled Java code, j=interpreted, Vv=VM code, C=native code)
C  [libobjc.A.dylib+0x7017]  objc_msgSend+0x17
C  [libopencv_java343.dylib+0xa1ed3b]  _ZN12CvCaptureCAM9grabFrameEv+0x5b
C  [libopencv_java343.dylib+0xa0f0bf]  cvGrabFrame+0xf
C  [libopencv_java343.dylib+0xa0ff48]  _ZN2cv12VideoCapture4grabEv+0x38
C  [libopencv_java343.dylib+0xa1037a]  _ZN2cv12VideoCapture4readERKNS_12_OutputArrayE+0x2a
C  [libopencv_java343.dylib+0x9a281]  Java_org_opencv_videoio_VideoCapture_read_10+0x31
J 2181  org.opencv.videoio.VideoCapture.read_0(JJ)Z (0 bytes) @ 0x0000000118022136 [0x0000000118022080+0xb6]
J 2178 C1 zenryokuservice.opencv.fx.OpenCvController.grabFrame()Lorg/opencv/core/Mat; (69 bytes) @ 0x000000011801f17c [0x000000011801eec0+0x2bc]
J 2176 C1 zenryokuservice.opencv.fx.OpenCvController$1.run()V (29 bytes) @ 0x000000011801cf74 [0x000000011801cea0+0xd4]
J 1758 C1 java.util.concurrent.Executors$RunnableAdapter.call()Ljava/lang/Object; (14 bytes) @ 0x0000000117ea6554 [0x0000000117ea6440+0x114]
J 1756 C1 java.util.concurrent.FutureTask.runAndReset()Z (128 bytes) @ 0x0000000117ea556c [0x0000000117ea5300+0x26c]
J 2060 C1 java.util.concurrent.ScheduledThreadPoolExecutor$ScheduledFutureTask.run()V (59 bytes) @ 0x0000000117fb4514 [0x0000000117fb3fe0+0x534]
j  java.util.concurrent.ThreadPoolExecutor.runWorker(Ljava/util/concurrent/ThreadPoolExecutor$Worker;)V+95
j  java.util.concurrent.ThreadPoolExecutor$Worker.run()V+5
j  java.lang.Thread.run()V+11
v  ~StubRoutines::call_stub
V  [libjvm.dylib+0x2ee70a]
V  [libjvm.dylib+0x2eeeae]
V  [libjvm.dylib+0x2ef05a]
V  [libjvm.dylib+0x3497b1]
V  [libjvm.dylib+0x56c0b3]
V  [libjvm.dylib+0x56d7a0]
V  [libjvm.dylib+0x48baee]
C  [libsystem_pthread.dylib+0x393b]  _pthread_body+0xb4
C  [libsystem_pthread.dylib+0x3887]  _pthread_body+0x0
C  [libsystem_pthread.dylib+0x308d]  thread_start+0xd
C  0x0000000000000000

Java frames: (J=compiled Java code, j=interpreted, Vv=VM code)
J 2181  org.opencv.videoio.VideoCapture.read_0(JJ)Z (0 bytes) @ 0x00000001180220c4 [0x0000000118022080+0x44]
J 2178 C1 zenryokuservice.opencv.fx.OpenCvController.grabFrame()Lorg/opencv/core/Mat; (69 bytes) @ 0x000000011801f17c [0x000000011801eec0+0x2bc]
J 2176 C1 zenryokuservice.opencv.fx.OpenCvController$1.run()V (29 bytes) @ 0x000000011801cf74 [0x000000011801cea0+0xd4]
J 1758 C1 java.util.concurrent.Executors$RunnableAdapter.call()Ljava/lang/Object; (14 bytes) @ 0x0000000117ea6554 [0x0000000117ea6440+0x114]
J 1756 C1 java.util.concurrent.FutureTask.runAndReset()Z (128 bytes) @ 0x0000000117ea556c [0x0000000117ea5300+0x26c]
J 2060 C1 java.util.concurrent.ScheduledThreadPoolExecutor$ScheduledFutureTask.run()V (59 bytes) @ 0x0000000117fb4514 [0x0000000117fb3fe0+0x534]
j  java.util.concurrent.ThreadPoolExecutor.runWorker(Ljava/util/concurrent/ThreadPoolExecutor$Worker;)V+95
j  java.util.concurrent.ThreadPoolExecutor$Worker.run()V+5
j  java.lang.Thread.run()V+11
v  ~StubRoutines::call_stub

---------------  P R O C E S S  ---------------

Java Threads: ( => current thread )
=>0x00007ff979a70800 JavaThread "pool-4-thread-1" [_thread_in_native, id=87563, stack(0x000070000cb5e000,0x000070000cc5e000)]
  0x00007ff97913d800 JavaThread "Java2D Disposer" daemon [_thread_blocked, id=92691, stack(0x000070000cde7000,0x000070000cee7000)]
  0x00007ff97891b800 JavaThread "Java2D Queue Flusher" daemon [_thread_blocked, id=89351, stack(0x000070000cce4000,0x000070000cde4000)]
  0x00007ff979acd000 JavaThread "Prism Font Disposer" daemon [_thread_blocked, id=57539, stack(0x000070000c8d2000,0x000070000c9d2000)]
  0x00007ff979a52000 JavaThread "JavaFX-Launcher" [_thread_blocked, id=53763, stack(0x000070000c7cf000,0x000070000c8cf000)]
  0x00007ff979a48000 JavaThread "Thread-3" daemon [_thread_in_native, id=40451, stack(0x000070000c6c9000,0x000070000c749000)]
  0x00007ff9791bc000 JavaThread "JavaFX Application Thread" [_thread_in_native, id=775, stack(0x00007fff52ff6000,0x00007fff537f6000)]
  0x00007ff979911000 JavaThread "Thread-1" daemon [_thread_blocked, id=26375, stack(0x000070000c543000,0x000070000c643000)]
  0x00007ff978836800 JavaThread "QuantumRenderer-0" daemon [_thread_blocked, id=19715, stack(0x000070000c440000,0x000070000c540000)]
  0x00007ff97983b000 JavaThread "Service Thread" daemon [_thread_blocked, id=18691, stack(0x000070000c23a000,0x000070000c33a000)]
  0x00007ff979818000 JavaThread "C1 CompilerThread2" daemon [_thread_blocked, id=18179, stack(0x000070000c137000,0x000070000c237000)]
  0x00007ff97980f800 JavaThread "C2 CompilerThread1" daemon [_thread_blocked, id=17667, stack(0x000070000c034000,0x000070000c134000)]
  0x00007ff97980d800 JavaThread "C2 CompilerThread0" daemon [_thread_blocked, id=17155, stack(0x000070000bf31000,0x000070000c031000)]
  0x00007ff979806800 JavaThread "Signal Dispatcher" daemon [_thread_blocked, id=16643, stack(0x000070000be2e000,0x000070000bf2e000)]
  0x00007ff979050000 JavaThread "Finalizer" daemon [_thread_blocked, id=12291, stack(0x000070000bca8000,0x000070000bda8000)]
  0x00007ff979004000 JavaThread "Reference Handler" daemon [_thread_blocked, id=11779, stack(0x000070000bba5000,0x000070000bca5000)]
  0x00007ff978009800 JavaThread "main" [_thread_blocked, id=6915, stack(0x000070000b593000,0x000070000b693000)]

Other Threads:
  0x00007ff978016800 VMThread [stack: 0x000070000baa2000,0x000070000bba2000] [id=11267]
  0x00007ff979033800 WatcherThread [stack: 0x000070000c33d000,0x000070000c43d000] [id=19203]

VM state:not at safepoint (normal execution)

VM Mutex/Monitor currently owned by a thread: None

Heap:
 PSYoungGen      total 151040K, used 17164K [0x0000000795580000, 0x00000007a1300000, 0x00000007c0000000)
  eden space 129024K, 4% used [0x0000000795580000,0x0000000795b8f300,0x000000079d380000)
  from space 22016K, 49% used [0x000000079d380000,0x000000079de34030,0x000000079e900000)
  to   space 20992K, 0% used [0x000000079fe80000,0x000000079fe80000,0x00000007a1300000)
 ParOldGen       total 50688K, used 33057K [0x0000000740000000, 0x0000000743180000, 0x0000000795580000)
  object space 50688K, 65% used [0x0000000740000000,0x00000007420485a8,0x0000000743180000)
 Metaspace       used 17197K, capacity 17844K, committed 17920K, reserved 1064960K
  class space    used 2125K, capacity 2303K, committed 2304K, reserved 1048576K

Card table byte_map: [0x000000010e167000,0x000000010e568000] byte_map_base: 0x000000010a767000

Marking Bits: (ParMarkBitMap*) 0x000000010d6f35d0
 Begin Bits: [0x000000010e813000, 0x0000000110813000)
 End Bits:   [0x0000000110813000, 0x0000000112813000)

Polling page: 0x000000010c4ec000

CodeCache: size=245760Kb used=7392Kb max_used=7424Kb free=238367Kb
 bounds [0x000000011795a000, 0x00000001180aa000, 0x000000012695a000]
 total_blobs=3269 nmethods=2353 adapters=829
 compilation: enabled

Compilation events (10 events):
Event: 86.295 Thread 0x00007ff979818000 2484       3       java.lang.Double::doubleToLongBits (33 bytes)
Event: 86.295 Thread 0x00007ff979818000 nmethod 2484 0x0000000117aede50 code [0x0000000117aedfc0, 0x0000000117aee1b0]
Event: 86.296 Thread 0x00007ff979818000 2485       3       javafx.scene.layout.CornerRadii::getTopRightVerticalRadius (5 bytes)
Event: 86.296 Thread 0x00007ff979818000 nmethod 2485 0x0000000117c4a150 code [0x0000000117c4a2a0, 0x0000000117c4a3f0]
Event: 86.297 Thread 0x00007ff979818000 2486       3       javafx.scene.layout.CornerRadii::getTopRightHorizontalRadius (5 bytes)
Event: 86.297 Thread 0x00007ff979818000 nmethod 2486 0x0000000117ca7610 code [0x0000000117ca7760, 0x0000000117ca78b0]
Event: 86.297 Thread 0x00007ff979818000 2487       3       com.sun.javafx.text.TextRun::getPosY (39 bytes)
Event: 86.298 Thread 0x00007ff979818000 nmethod 2487 0x0000000117c66d90 code [0x0000000117c66f00, 0x0000000117c67150]
Event: 86.298 Thread 0x00007ff979818000 2488       3       com.sun.javafx.font.CompositeStrike::getQuantizedPosition (12 bytes)
Event: 86.299 Thread 0x00007ff979818000 nmethod 2488 0x0000000117cbc810 code [0x0000000117cbc9a0, 0x0000000117cbcc18]

GC Heap History (10 events):
Event: 84.342 GC heap before
{Heap before GC invocations=51 (full 4):
 PSYoungGen      total 112640K, used 105646K [0x0000000795580000, 0x000000079da00000, 0x00000007c0000000)
  eden space 92672K, 98% used [0x0000000795580000,0x000000079ae73aa8,0x000000079b000000)
  from space 19968K, 72% used [0x000000079c680000,0x000000079d4b8040,0x000000079da00000)
  to   space 21504K, 0% used [0x000000079b000000,0x000000079b000000,0x000000079c500000)
 ParOldGen       total 50688K, used 14937K [0x0000000740000000, 0x0000000743180000, 0x0000000795580000)
  object space 50688K, 29% used [0x0000000740000000,0x0000000740e96558,0x0000000743180000)
 Metaspace       used 17194K, capacity 17844K, committed 17920K, reserved 1064960K
  class space    used 2125K, capacity 2303K, committed 2304K, reserved 1048576K
Event: 84.346 GC heap after
Heap after GC invocations=51 (full 4):
 PSYoungGen      total 114176K, used 14560K [0x0000000795580000, 0x000000079ec80000, 0x00000007c0000000)
  eden space 92672K, 0% used [0x0000000795580000,0x0000000795580000,0x000000079b000000)
  from space 21504K, 67% used [0x000000079b000000,0x000000079be38040,0x000000079c500000)
  to   space 22528K, 0% used [0x000000079d680000,0x000000079d680000,0x000000079ec80000)
 ParOldGen       total 50688K, used 18561K [0x0000000740000000, 0x0000000743180000, 0x0000000795580000)
  object space 50688K, 36% used [0x0000000740000000,0x0000000741220568,0x0000000743180000)
 Metaspace       used 17194K, capacity 17844K, committed 17920K, reserved 1064960K
  class space    used 2125K, capacity 2303K, committed 2304K, reserved 1048576K
}
Event: 84.673 GC heap before
{Heap before GC invocations=52 (full 4):
 PSYoungGen      total 114176K, used 104723K [0x0000000795580000, 0x000000079ec80000, 0x00000007c0000000)
  eden space 92672K, 97% used [0x0000000795580000,0x000000079ad8cda0,0x000000079b000000)
  from space 21504K, 67% used [0x000000079b000000,0x000000079be38040,0x000000079c500000)
  to   space 22528K, 0% used [0x000000079d680000,0x000000079d680000,0x000000079ec80000)
 ParOldGen       total 50688K, used 18561K [0x0000000740000000, 0x0000000743180000, 0x0000000795580000)
  object space 50688K, 36% used [0x0000000740000000,0x0000000741220568,0x0000000743180000)
 Metaspace       used 17194K, capacity 17844K, committed 17920K, reserved 1064960K
  class space    used 2125K, capacity 2303K, committed 2304K, reserved 1048576K
Event: 84.679 GC heap after
Heap after GC invocations=52 (full 4):
 PSYoungGen      total 131072K, used 10960K [0x0000000795580000, 0x000000079eb00000, 0x00000007c0000000)
  eden space 110080K, 0% used [0x0000000795580000,0x0000000795580000,0x000000079c100000)
  from space 20992K, 52% used [0x000000079d680000,0x000000079e134030,0x000000079eb00000)
  to   space 21504K, 0% used [0x000000079c100000,0x000000079c100000,0x000000079d600000)
 ParOldGen       total 50688K, used 22177K [0x0000000740000000, 0x0000000743180000, 0x0000000795580000)
  object space 50688K, 43% used [0x0000000740000000,0x00000007415a8578,0x0000000743180000)
 Metaspace       used 17194K, capacity 17844K, committed 17920K, reserved 1064960K
  class space    used 2125K, capacity 2303K, committed 2304K, reserved 1048576K
}
Event: 85.070 GC heap before
{Heap before GC invocations=53 (full 4):
 PSYoungGen      total 131072K, used 119384K [0x0000000795580000, 0x000000079eb00000, 0x00000007c0000000)
  eden space 110080K, 98% used [0x0000000795580000,0x000000079bf62058,0x000000079c100000)
  from space 20992K, 52% used [0x000000079d680000,0x000000079e134030,0x000000079eb00000)
  to   space 21504K, 0% used [0x000000079c100000,0x000000079c100000,0x000000079d600000)
 ParOldGen       total 50688K, used 22177K [0x0000000740000000, 0x0000000743180000, 0x0000000795580000)
  object space 50688K, 43% used [0x0000000740000000,0x00000007415a8578,0x0000000743180000)
 Metaspace       used 17194K, capacity 17844K, committed 17920K, reserved 1064960K
  class space    used 2125K, capacity 2303K, committed 2304K, reserved 1048576K
Event: 85.073 GC heap after
Heap after GC invocations=53 (full 4):
 PSYoungGen      total 131584K, used 10960K [0x0000000795580000, 0x000000079fd80000, 0x00000007c0000000)
  eden space 110080K, 0% used [0x0000000795580000,0x0000000795580000,0x000000079c100000)
  from space 21504K, 50% used [0x000000079c100000,0x000000079cbb4030,0x000000079d600000)
  to   space 20992K, 0% used [0x000000079e900000,0x000000079e900000,0x000000079fd80000)
 ParOldGen       total 50688K, used 25801K [0x0000000740000000, 0x0000000743180000, 0x0000000795580000)
  object space 50688K, 50% used [0x0000000740000000,0x0000000741932588,0x0000000743180000)
 Metaspace       used 17194K, capacity 17844K, committed 17920K, reserved 1064960K
  class space    used 2125K, capacity 2303K, committed 2304K, reserved 1048576K
}
Event: 85.497 GC heap before
{Heap before GC invocations=54 (full 4):
 PSYoungGen      total 131584K, used 119386K [0x0000000795580000, 0x000000079fd80000, 0x00000007c0000000)
  eden space 110080K, 98% used [0x0000000795580000,0x000000079bf62af8,0x000000079c100000)
  from space 21504K, 50% used [0x000000079c100000,0x000000079cbb4030,0x000000079d600000)
  to   space 20992K, 0% used [0x000000079e900000,0x000000079e900000,0x000000079fd80000)
 ParOldGen       total 50688K, used 25801K [0x0000000740000000, 0x0000000743180000, 0x0000000795580000)
  object space 50688K, 50% used [0x0000000740000000,0x0000000741932588,0x0000000743180000)
 Metaspace       used 17194K, capacity 17844K, committed 17920K, reserved 1064960K
  class space    used 2125K, capacity 2303K, committed 2304K, reserved 1048576K
Event: 85.505 GC heap after
Heap after GC invocations=54 (full 4):
 PSYoungGen      total 150016K, used 14560K [0x0000000795580000, 0x00000007a0000000, 0x00000007c0000000)
  eden space 129024K, 0% used [0x0000000795580000,0x0000000795580000,0x000000079d380000)
  from space 20992K, 69% used [0x000000079e900000,0x000000079f738040,0x000000079fd80000)
  to   space 22016K, 0% used [0x000000079d380000,0x000000079d380000,0x000000079e900000)
 ParOldGen       total 50688K, used 29425K [0x0000000740000000, 0x0000000743180000, 0x0000000795580000)
  object space 50688K, 58% used [0x0000000740000000,0x0000000741cbc598,0x0000000743180000)
 Metaspace       used 17194K, capacity 17844K, committed 17920K, reserved 1064960K
  class space    used 2125K, capacity 2303K, committed 2304K, reserved 1048576K
}
Event: 85.959 GC heap before
{Heap before GC invocations=55 (full 4):
 PSYoungGen      total 150016K, used 141382K [0x0000000795580000, 0x00000007a0000000, 0x00000007c0000000)
  eden space 129024K, 98% used [0x0000000795580000,0x000000079d1598d0,0x000000079d380000)
  from space 20992K, 69% used [0x000000079e900000,0x000000079f738040,0x000000079fd80000)
  to   space 22016K, 0% used [0x000000079d380000,0x000000079d380000,0x000000079e900000)
 ParOldGen       total 50688K, used 29425K [0x0000000740000000, 0x0000000743180000, 0x0000000795580000)
  object space 50688K, 58% used [0x0000000740000000,0x0000000741cbc598,0x0000000743180000)
 Metaspace       used 17195K, capacity 17844K, committed 17920K, reserved 1064960K
  class space    used 2125K, capacity 2303K, committed 2304K, reserved 1048576K
Event: 85.963 GC heap after
Heap after GC invocations=55 (full 4):
 PSYoungGen      total 151040K, used 10960K [0x0000000795580000, 0x00000007a1300000, 0x00000007c0000000)
  eden space 129024K, 0% used [0x0000000795580000,0x0000000795580000,0x000000079d380000)
  from space 22016K, 49% used [0x000000079d380000,0x000000079de34030,0x000000079e900000)
  to   space 20992K, 0% used [0x000000079fe80000,0x000000079fe80000,0x00000007a1300000)
 ParOldGen       total 50688K, used 33057K [0x0000000740000000, 0x0000000743180000, 0x0000000795580000)
  object space 50688K, 65% used [0x0000000740000000,0x00000007420485a8,0x0000000743180000)
 Metaspace       used 17195K, capacity 17844K, committed 17920K, reserved 1064960K
  class space    used 2125K, capacity 2303K, committed 2304K, reserved 1048576K
}

Deoptimization events (10 events):
Event: 1.056 Thread 0x00007ff9791bc000 Uncommon trap: reason=class_check action=maybe_recompile pc=0x0000000117a7cdd8 method=java.lang.String.equals(Ljava/lang/Object;)Z @ 8
Event: 1.059 Thread 0x00007ff9791bc000 Uncommon trap: reason=class_check action=maybe_recompile pc=0x0000000117a7cdd8 method=java.lang.String.equals(Ljava/lang/Object;)Z @ 8
Event: 1.339 Thread 0x00007ff9791bc000 Uncommon trap: reason=unstable_if action=reinterpret pc=0x0000000117b88120 method=java.lang.CharacterData.of(I)Ljava/lang/CharacterData; @ 4
Event: 1.375 Thread 0x00007ff9791bc000 Uncommon trap: reason=unstable_if action=reinterpret pc=0x0000000117c7d848 method=java.util.HashMap.putVal(ILjava/lang/Object;Ljava/lang/Object;ZZ)Ljava/lang/Object; @ 193
Event: 20.864 Thread 0x00007ff9791bc000 Uncommon trap: reason=unstable_if action=reinterpret pc=0x0000000117cbbbbc method=jdk.internal.org.objectweb.asm.Type.getArgumentsAndReturnSizes(Ljava/lang/String;)I @ 47
Event: 23.031 Thread 0x00007ff9788e3000 Uncommon trap: reason=unstable_if action=reinterpret pc=0x0000000117d66384 method=com.sun.javafx.image.impl.IntTo4ByteSameConverter.doConvert([III[BIIII)V @ 29
Event: 57.022 Thread 0x00007ff978836800 Uncommon trap: reason=unstable_if action=reinterpret pc=0x0000000117fce624 method=com.sun.javafx.geom.transform.AffineBase.updateState2D()V @ 42
Event: 59.085 Thread 0x00007ff9791bc000 Uncommon trap: reason=unstable_if action=reinterpret pc=0x0000000117fe2af0 method=java.util.concurrent.locks.ReentrantLock$NonfairSync.lock()V @ 6
Event: 59.086 Thread 0x00007ff9791bc000 Uncommon trap: reason=unstable_if action=reinterpret pc=0x0000000117aed524 method=java.util.concurrent.locks.ReentrantLock$Sync.tryRelease(I)Z @ 28
Event: 59.464 Thread 0x00007ff9791bc000 Uncommon trap: reason=unstable_if action=reinterpret pc=0x0000000118044ba0 method=java.lang.StrictMath.floorOrCeil(DDDD)D @ 8

Internal exceptions (10 events):
Event: 0.235 Thread 0x00007ff978009800 Exception <a 'java/security/PrivilegedActionException'> (0x000000079590fe08) thrown at [/Users/java_re/workspace/8-2-build-macosx-x86_64/jdk8u144/9417/hotspot/src/share/vm/prims/jvm.cpp, line 1390]
Event: 0.236 Thread 0x00007ff978009800 Exception <a 'java/security/PrivilegedActionException'> (0x0000000795913138) thrown at [/Users/java_re/workspace/8-2-build-macosx-x86_64/jdk8u144/9417/hotspot/src/share/vm/prims/jvm.cpp, line 1390]
Event: 0.236 Thread 0x00007ff978009800 Exception <a 'java/security/PrivilegedActionException'> (0x0000000795913348) thrown at [/Users/java_re/workspace/8-2-build-macosx-x86_64/jdk8u144/9417/hotspot/src/share/vm/prims/jvm.cpp, line 1390]
Event: 0.236 Thread 0x00007ff978009800 Exception <a 'java/lang/NullPointerException'> (0x0000000795914e98) thrown at [/Users/java_re/workspace/8-2-build-macosx-x86_64/jdk8u144/9417/hotspot/src/share/vm/interpreter/linkResolver.cpp, line 1197]
Event: 0.668 Thread 0x00007ff9791bc000 Exception <a 'java/lang/NullPointerException'> (0x0000000796367618) thrown at [/Users/java_re/workspace/8-2-build-macosx-x86_64/jdk8u144/9417/hotspot/src/share/vm/interpreter/linkResolver.cpp, line 1197]
Event: 0.668 Thread 0x00007ff9791bc000 Exception <a 'java/lang/NullPointerException'> (0x0000000796367618) thrown at [/Users/java_re/workspace/8-2-build-macosx-x86_64/jdk8u144/9417/hotspot/src/share/vm/prims/jvm.cpp, line 1394]
Event: 0.898 Thread 0x00007ff9791bc000 Implicit null exception at 0x0000000117be97b5 to 0x0000000117be99b1
Event: 1.008 Thread 0x00007ff9791bc000 Exception <a 'java/io/FileNotFoundException'> (0x0000000796c78aa8) thrown at [/Users/java_re/workspace/8-2-build-macosx-x86_64/jdk8u144/9417/hotspot/src/share/vm/prims/jni.cpp, line 709]
Event: 22.948 Thread 0x00007ff9788e3000 Exception <a 'java/io/FileNotFoundException'> (0x0000000795673738) thrown at [/Users/java_re/workspace/8-2-build-macosx-x86_64/jdk8u144/9417/hotspot/src/share/vm/prims/jni.cpp, line 709]
Event: 22.948 Thread 0x00007ff9788e3000 Exception <a 'java/io/FileNotFoundException'> (0x0000000795674268) thrown at [/Users/java_re/workspace/8-2-build-macosx-x86_64/jdk8u144/9417/hotspot/src/share/vm/prims/jni.cpp, line 709]

Events (10 events):
Event: 86.297 Thread 0x00007ff979818000 flushing nmethod 0x0000000117d61590
Event: 86.297 Thread 0x00007ff979818000 flushing nmethod 0x0000000117d62390
Event: 86.297 Thread 0x00007ff979818000 flushing nmethod 0x0000000117d64c90
Event: 86.297 Thread 0x00007ff979818000 flushing nmethod 0x0000000117d65ed0
Event: 86.297 Thread 0x00007ff979818000 flushing nmethod 0x0000000117d66790
Event: 86.297 Thread 0x00007ff979818000 flushing nmethod 0x0000000117d6bbd0
Event: 86.297 Thread 0x00007ff979818000 flushing nmethod 0x0000000117d6eed0
Event: 86.297 Thread 0x00007ff979818000 flushing nmethod 0x0000000117d6f650
Event: 86.298 Thread 0x00007ff979818000 flushing nmethod 0x0000000117d81a90
Event: 86.298 Thread 0x00007ff979818000 flushing nmethod 0x0000000117d81fd0


Dynamic libraries:
0x000000005ce36000 	/System/Library/Frameworks/Cocoa.framework/Versions/A/Cocoa
0x000000005ce36000 	/System/Library/Frameworks/Security.framework/Versions/A/Security
0x000000005ce36000 	/System/Library/Frameworks/ApplicationServices.framework/Versions/A/ApplicationServices
0x000000005ce36000 	/usr/lib/libz.1.dylib
0x000000005ce36000 	/usr/lib/libSystem.B.dylib
0x000000005ce36000 	/usr/lib/libobjc.A.dylib
0x000000005ce36000 	/System/Library/Frameworks/CoreFoundation.framework/Versions/A/CoreFoundation
0x000000005ce36000 	/System/Library/Frameworks/Foundation.framework/Versions/C/Foundation
0x000000005ce36000 	/System/Library/Frameworks/AppKit.framework/Versions/C/AppKit
0x000000005ce36000 	/System/Library/Frameworks/CoreData.framework/Versions/A/CoreData
0x000000005ce36000 	/System/Library/PrivateFrameworks/RemoteViewServices.framework/Versions/A/RemoteViewServices
0x000000005ce36000 	/System/Library/PrivateFrameworks/UIFoundation.framework/Versions/A/UIFoundation
0x000000005ce36000 	/System/Library/PrivateFrameworks/DFRFoundation.framework/Versions/A/DFRFoundation
0x000000005ce36000 	/usr/lib/libenergytrace.dylib
0x000000005ce36000 	/System/Library/PrivateFrameworks/SkyLight.framework/Versions/A/SkyLight
0x000000005ce36000 	/System/Library/Frameworks/CoreGraphics.framework/Versions/A/CoreGraphics
0x000000005ce36000 	/usr/lib/libScreenReader.dylib
0x000000005ce36000 	/System/Library/Frameworks/Accelerate.framework/Versions/A/Accelerate
0x000000005ce36000 	/System/Library/Frameworks/IOSurface.framework/Versions/A/IOSurface
0x000000005ce36000 	/System/Library/Frameworks/AudioToolbox.framework/Versions/A/AudioToolbox
0x000000005ce36000 	/System/Library/Frameworks/AudioUnit.framework/Versions/A/AudioUnit
0x000000005ce36000 	/System/Library/PrivateFrameworks/DataDetectorsCore.framework/Versions/A/DataDetectorsCore
0x000000005ce36000 	/System/Library/PrivateFrameworks/DesktopServicesPriv.framework/Versions/A/DesktopServicesPriv
0x000000005ce36000 	/System/Library/Frameworks/Carbon.framework/Versions/A/Frameworks/HIToolbox.framework/Versions/A/HIToolbox
0x000000005ce36000 	/usr/lib/libicucore.A.dylib
0x000000005ce36000 	/System/Library/Frameworks/QuartzCore.framework/Versions/A/QuartzCore
0x000000005ce36000 	/System/Library/Frameworks/Carbon.framework/Versions/A/Frameworks/SpeechRecognition.framework/Versions/A/SpeechRecognition
0x000000005ce36000 	/usr/lib/libauto.dylib
0x000000005ce36000 	/usr/lib/libxml2.2.dylib
0x000000005ce36000 	/System/Library/PrivateFrameworks/CoreUI.framework/Versions/A/CoreUI
0x000000005ce36000 	/System/Library/Frameworks/CoreAudio.framework/Versions/A/CoreAudio
0x000000005ce36000 	/System/Library/Frameworks/DiskArbitration.framework/Versions/A/DiskArbitration
0x000000005ce36000 	/usr/lib/liblangid.dylib
0x000000005ce36000 	/System/Library/PrivateFrameworks/MultitouchSupport.framework/Versions/A/MultitouchSupport
0x000000005ce36000 	/System/Library/Frameworks/IOKit.framework/Versions/A/IOKit
0x000000005ce36000 	/usr/lib/libDiagnosticMessagesClient.dylib
0x000000005ce36000 	/System/Library/Frameworks/CoreServices.framework/Versions/A/CoreServices
0x000000005ce36000 	/System/Library/PrivateFrameworks/PerformanceAnalysis.framework/Versions/A/PerformanceAnalysis
0x000000005ce36000 	/System/Library/PrivateFrameworks/GenerationalStorage.framework/Versions/A/GenerationalStorage
0x000000005ce36000 	/System/Library/Frameworks/OpenGL.framework/Versions/A/OpenGL
0x000000005ce36000 	/System/Library/Frameworks/CoreImage.framework/Versions/A/CoreImage
0x000000005ce36000 	/System/Library/Frameworks/CoreText.framework/Versions/A/CoreText
0x000000005ce36000 	/System/Library/Frameworks/ImageIO.framework/Versions/A/ImageIO
0x000000005ce36000 	/System/Library/PrivateFrameworks/Backup.framework/Versions/A/Backup
0x000000005ce36000 	/usr/lib/libarchive.2.dylib
0x000000005ce36000 	/System/Library/Frameworks/CFNetwork.framework/Versions/A/CFNetwork
0x000000005ce36000 	/System/Library/Frameworks/SystemConfiguration.framework/Versions/A/SystemConfiguration
0x000000005ce36000 	/usr/lib/libCRFSuite.dylib
0x000000005ce36000 	/usr/lib/libc++.1.dylib
0x000000005ce36000 	/usr/lib/libc++abi.dylib
0x000000005ce36000 	/usr/lib/system/libcache.dylib
0x000000005ce36000 	/usr/lib/system/libcommonCrypto.dylib
0x000000005ce36000 	/usr/lib/system/libcompiler_rt.dylib
0x000000005ce36000 	/usr/lib/system/libcopyfile.dylib
0x000000005ce36000 	/usr/lib/system/libcorecrypto.dylib
0x000000005ce36000 	/usr/lib/system/libdispatch.dylib
0x000000005ce36000 	/usr/lib/system/libdyld.dylib
0x000000005ce36000 	/usr/lib/system/libkeymgr.dylib
0x000000005ce36000 	/usr/lib/system/liblaunch.dylib
0x000000005ce36000 	/usr/lib/system/libmacho.dylib
0x000000005ce36000 	/usr/lib/system/libquarantine.dylib
0x000000005ce36000 	/usr/lib/system/libremovefile.dylib
0x000000005ce36000 	/usr/lib/system/libsystem_asl.dylib
0x000000005ce36000 	/usr/lib/system/libsystem_blocks.dylib
0x000000005ce36000 	/usr/lib/system/libsystem_c.dylib
0x000000005ce36000 	/usr/lib/system/libsystem_configuration.dylib
0x000000005ce36000 	/usr/lib/system/libsystem_coreservices.dylib
0x000000005ce36000 	/usr/lib/system/libsystem_coretls.dylib
0x000000005ce36000 	/usr/lib/system/libsystem_dnssd.dylib
0x000000005ce36000 	/usr/lib/system/libsystem_info.dylib
0x000000005ce36000 	/usr/lib/system/libsystem_kernel.dylib
0x000000005ce36000 	/usr/lib/system/libsystem_m.dylib
0x000000005ce36000 	/usr/lib/system/libsystem_malloc.dylib
0x000000005ce36000 	/usr/lib/system/libsystem_network.dylib
0x000000005ce36000 	/usr/lib/system/libsystem_networkextension.dylib
0x000000005ce36000 	/usr/lib/system/libsystem_notify.dylib
0x000000005ce36000 	/usr/lib/system/libsystem_platform.dylib
0x000000005ce36000 	/usr/lib/system/libsystem_pthread.dylib
0x000000005ce36000 	/usr/lib/system/libsystem_sandbox.dylib
0x000000005ce36000 	/usr/lib/system/libsystem_secinit.dylib
0x000000005ce36000 	/usr/lib/system/libsystem_symptoms.dylib
0x000000005ce36000 	/usr/lib/system/libsystem_trace.dylib
0x000000005ce36000 	/usr/lib/system/libunwind.dylib
0x000000005ce36000 	/usr/lib/system/libxpc.dylib
0x000000005ce36000 	/usr/lib/libbsm.0.dylib
0x000000005ce36000 	/usr/lib/system/libkxld.dylib
0x000000005ce36000 	/usr/lib/libcoretls.dylib
0x000000005ce36000 	/usr/lib/libcoretls_cfhelpers.dylib
0x000000005ce36000 	/usr/lib/libOpenScriptingUtil.dylib
0x000000005ce36000 	/usr/lib/libpam.2.dylib
0x000000005ce36000 	/usr/lib/libsqlite3.dylib
0x000000005ce36000 	/usr/lib/libxar.1.dylib
0x000000005ce36000 	/usr/lib/libbz2.1.0.dylib
0x000000005ce36000 	/usr/lib/liblzma.5.dylib
0x000000005ce36000 	/usr/lib/libnetwork.dylib
0x000000005ce36000 	/usr/lib/libpcap.A.dylib
0x000000005ce36000 	/System/Library/Frameworks/CoreServices.framework/Versions/A/Frameworks/FSEvents.framework/Versions/A/FSEvents
0x000000005ce36000 	/System/Library/Frameworks/CoreServices.framework/Versions/A/Frameworks/CarbonCore.framework/Versions/A/CarbonCore
0x000000005ce36000 	/System/Library/Frameworks/CoreServices.framework/Versions/A/Frameworks/Metadata.framework/Versions/A/Metadata
0x000000005ce36000 	/System/Library/Frameworks/CoreServices.framework/Versions/A/Frameworks/OSServices.framework/Versions/A/OSServices
0x000000005ce36000 	/System/Library/Frameworks/CoreServices.framework/Versions/A/Frameworks/SearchKit.framework/Versions/A/SearchKit
0x000000005ce36000 	/System/Library/Frameworks/CoreServices.framework/Versions/A/Frameworks/AE.framework/Versions/A/AE
0x000000005ce36000 	/System/Library/Frameworks/CoreServices.framework/Versions/A/Frameworks/LaunchServices.framework/Versions/A/LaunchServices
0x000000005ce36000 	/System/Library/Frameworks/CoreServices.framework/Versions/A/Frameworks/DictionaryServices.framework/Versions/A/DictionaryServices
0x000000005ce36000 	/System/Library/Frameworks/CoreServices.framework/Versions/A/Frameworks/SharedFileList.framework/Versions/A/SharedFileList
0x000000005ce36000 	/System/Library/Frameworks/NetFS.framework/Versions/A/NetFS
0x000000005ce36000 	/System/Library/PrivateFrameworks/NetAuth.framework/Versions/A/NetAuth
0x000000005ce36000 	/System/Library/PrivateFrameworks/login.framework/Versions/A/Frameworks/loginsupport.framework/Versions/A/loginsupport
0x000000005ce36000 	/System/Library/PrivateFrameworks/TCC.framework/Versions/A/TCC
0x000000005ce36000 	/usr/lib/libmecabra.dylib
0x000000005ce36000 	/System/Library/Frameworks/ApplicationServices.framework/Versions/A/Frameworks/ATS.framework/Versions/A/ATS
0x000000005ce36000 	/System/Library/Frameworks/ApplicationServices.framework/Versions/A/Frameworks/ColorSync.framework/Versions/A/ColorSync
0x000000005ce36000 	/System/Library/Frameworks/ApplicationServices.framework/Versions/A/Frameworks/HIServices.framework/Versions/A/HIServices
0x000000005ce36000 	/System/Library/Frameworks/ApplicationServices.framework/Versions/A/Frameworks/LangAnalysis.framework/Versions/A/LangAnalysis
0x000000005ce36000 	/System/Library/Frameworks/ApplicationServices.framework/Versions/A/Frameworks/PrintCore.framework/Versions/A/PrintCore
0x000000005ce36000 	/System/Library/Frameworks/ApplicationServices.framework/Versions/A/Frameworks/QD.framework/Versions/A/QD
0x000000005ce36000 	/System/Library/Frameworks/ApplicationServices.framework/Versions/A/Frameworks/SpeechSynthesis.framework/Versions/A/SpeechSynthesis
0x000000005ce36000 	/System/Library/Frameworks/Accelerate.framework/Versions/A/Frameworks/vImage.framework/Versions/A/vImage
0x000000005ce36000 	/System/Library/Frameworks/Accelerate.framework/Versions/A/Frameworks/vecLib.framework/Versions/A/vecLib
0x000000005ce36000 	/System/Library/Frameworks/Accelerate.framework/Versions/A/Frameworks/vecLib.framework/Versions/A/libvDSP.dylib
0x000000005ce36000 	/System/Library/Frameworks/Accelerate.framework/Versions/A/Frameworks/vecLib.framework/Versions/A/libBNNS.dylib
0x000000005ce36000 	/System/Library/Frameworks/Accelerate.framework/Versions/A/Frameworks/vecLib.framework/Versions/A/libQuadrature.dylib
0x000000005ce36000 	/System/Library/Frameworks/Accelerate.framework/Versions/A/Frameworks/vecLib.framework/Versions/A/libvMisc.dylib
0x000000005ce36000 	/System/Library/Frameworks/Accelerate.framework/Versions/A/Frameworks/vecLib.framework/Versions/A/libLAPACK.dylib
0x000000005ce36000 	/System/Library/Frameworks/Accelerate.framework/Versions/A/Frameworks/vecLib.framework/Versions/A/libBLAS.dylib
0x000000005ce36000 	/System/Library/Frameworks/Accelerate.framework/Versions/A/Frameworks/vecLib.framework/Versions/A/libLinearAlgebra.dylib
0x000000005ce36000 	/System/Library/Frameworks/Accelerate.framework/Versions/A/Frameworks/vecLib.framework/Versions/A/libSparseBLAS.dylib
0x000000005ce36000 	/System/Library/Frameworks/ApplicationServices.framework/Versions/A/Frameworks/ATS.framework/Versions/A/Resources/libFontParser.dylib
0x000000005ce36000 	/System/Library/Frameworks/ApplicationServices.framework/Versions/A/Frameworks/ATS.framework/Versions/A/Resources/libFontRegistry.dylib
0x000000005ce36000 	/System/Library/Frameworks/ImageIO.framework/Versions/A/Resources/libJPEG.dylib
0x000000005ce36000 	/System/Library/Frameworks/ImageIO.framework/Versions/A/Resources/libTIFF.dylib
0x000000005ce36000 	/System/Library/Frameworks/ImageIO.framework/Versions/A/Resources/libPng.dylib
0x000000005ce36000 	/System/Library/Frameworks/ImageIO.framework/Versions/A/Resources/libGIF.dylib
0x000000005ce36000 	/System/Library/Frameworks/ImageIO.framework/Versions/A/Resources/libJP2.dylib
0x000000005ce36000 	/System/Library/Frameworks/ImageIO.framework/Versions/A/Resources/libRadiance.dylib
0x000000005ce36000 	/usr/lib/libcompression.dylib
0x000000005ce36000 	/System/Library/PrivateFrameworks/AppleJPEG.framework/Versions/A/AppleJPEG
0x000000005ce36000 	/usr/lib/libcups.2.dylib
0x000000005ce36000 	/System/Library/Frameworks/Kerberos.framework/Versions/A/Kerberos
0x000000005ce36000 	/System/Library/Frameworks/GSS.framework/Versions/A/GSS
0x000000005ce36000 	/usr/lib/libresolv.9.dylib
0x000000005ce36000 	/usr/lib/libiconv.2.dylib
0x000000005ce36000 	/System/Library/PrivateFrameworks/Heimdal.framework/Versions/A/Heimdal
0x000000005ce36000 	/usr/lib/libheimdal-asn1.dylib
0x000000005ce36000 	/System/Library/Frameworks/OpenDirectory.framework/Versions/A/OpenDirectory
0x000000005ce36000 	/System/Library/PrivateFrameworks/CommonAuth.framework/Versions/A/CommonAuth
0x000000005ce36000 	/System/Library/Frameworks/OpenDirectory.framework/Versions/A/Frameworks/CFOpenDirectory.framework/Versions/A/CFOpenDirectory
0x000000005ce36000 	/System/Library/Frameworks/SecurityFoundation.framework/Versions/A/SecurityFoundation
0x000000005ce36000 	/System/Library/PrivateFrameworks/LanguageModeling.framework/Versions/A/LanguageModeling
0x000000005ce36000 	/usr/lib/libmarisa.dylib
0x000000005ce36000 	/usr/lib/libChineseTokenizer.dylib
0x000000005ce36000 	/usr/lib/libcmph.dylib
0x000000005ce36000 	/System/Library/PrivateFrameworks/CoreEmoji.framework/Versions/A/CoreEmoji
0x000000005ce36000 	/System/Library/Frameworks/ServiceManagement.framework/Versions/A/ServiceManagement
0x000000005ce36000 	/usr/lib/libxslt.1.dylib
0x000000005ce36000 	/System/Library/Frameworks/Carbon.framework/Versions/A/Frameworks/Ink.framework/Versions/A/Ink
0x000000005ce36000 	/System/Library/PrivateFrameworks/TextureIO.framework/Versions/A/TextureIO
0x000000005ce36000 	/System/Library/Frameworks/Metal.framework/Versions/A/Metal
0x000000005ce36000 	/usr/lib/libate.dylib
0x000000005ce36000 	/System/Library/PrivateFrameworks/GPUCompiler.framework/libmetal_timestamp.dylib
0x000000005ce36000 	/System/Library/Frameworks/OpenGL.framework/Versions/A/Libraries/libCoreFSCache.dylib
0x000000005ce36000 	/System/Library/PrivateFrameworks/IOAccelerator.framework/Versions/A/IOAccelerator
0x000000005ce36000 	/System/Library/Frameworks/CoreVideo.framework/Versions/A/CoreVideo
0x000000005ce36000 	/usr/lib/libFosl_dynamic.dylib
0x000000005ce36000 	/System/Library/PrivateFrameworks/MetalPerformanceShaders.framework/Versions/A/MetalPerformanceShaders
0x000000005ce36000 	/System/Library/PrivateFrameworks/FaceCore.framework/Versions/A/FaceCore
0x000000005ce36000 	/System/Library/Frameworks/OpenCL.framework/Versions/A/OpenCL
0x000000005ce36000 	/System/Library/Frameworks/OpenGL.framework/Versions/A/Libraries/libGLU.dylib
0x000000005ce36000 	/System/Library/Frameworks/OpenGL.framework/Versions/A/Libraries/libGFXShared.dylib
0x000000005ce36000 	/System/Library/Frameworks/OpenGL.framework/Versions/A/Libraries/libGL.dylib
0x000000005ce36000 	/System/Library/Frameworks/OpenGL.framework/Versions/A/Libraries/libGLImage.dylib
0x000000005ce36000 	/System/Library/Frameworks/OpenGL.framework/Versions/A/Libraries/libCVMSPluginSupport.dylib
0x000000005ce36000 	/System/Library/Frameworks/OpenGL.framework/Versions/A/Libraries/libCoreVMClient.dylib
0x000000005ce36000 	/System/Library/PrivateFrameworks/CrashReporterSupport.framework/Versions/A/CrashReporterSupport
0x000000005ce36000 	/System/Library/PrivateFrameworks/Sharing.framework/Versions/A/Sharing
0x000000005ce36000 	/System/Library/PrivateFrameworks/IconServices.framework/Versions/A/IconServices
0x000000005ce36000 	/System/Library/PrivateFrameworks/ProtocolBuffer.framework/Versions/A/ProtocolBuffer
0x000000005ce36000 	/System/Library/PrivateFrameworks/Apple80211.framework/Versions/A/Apple80211
0x000000005ce36000 	/System/Library/Frameworks/CoreWLAN.framework/Versions/A/CoreWLAN
0x000000005ce36000 	/System/Library/PrivateFrameworks/CoreUtils.framework/Versions/A/CoreUtils
0x000000005ce36000 	/System/Library/Frameworks/IOBluetooth.framework/Versions/A/IOBluetooth
0x000000005ce36000 	/System/Library/PrivateFrameworks/CoreWiFi.framework/Versions/A/CoreWiFi
0x000000005ce36000 	/System/Library/Frameworks/CoreBluetooth.framework/Versions/A/CoreBluetooth
0x000000005ce36000 	/System/Library/Frameworks/CoreDisplay.framework/Versions/A/CoreDisplay
0x000000005ce36000 	/System/Library/PrivateFrameworks/IOPresentment.framework/Versions/A/IOPresentment
0x000000005ce36000 	/System/Library/PrivateFrameworks/DSExternalDisplay.framework/Versions/A/DSExternalDisplay
0x000000005ce36000 	/System/Library/PrivateFrameworks/DebugSymbols.framework/Versions/A/DebugSymbols
0x000000005ce36000 	/System/Library/PrivateFrameworks/CoreSymbolication.framework/Versions/A/CoreSymbolication
0x000000005ce36000 	/System/Library/PrivateFrameworks/Symbolication.framework/Versions/A/Symbolication
0x000000005ce36000 	/System/Library/PrivateFrameworks/AppleFSCompression.framework/Versions/A/AppleFSCompression
0x000000005ce36000 	/System/Library/PrivateFrameworks/SpeechRecognitionCore.framework/Versions/A/SpeechRecognitionCore
0x000000005ce36000 	/System/Library/PrivateFrameworks/ChunkingLibrary.framework/Versions/A/ChunkingLibrary
0x0000000051b57000 	/System/Library/CoreServices/Encodings/libJapaneseConverter.dylib
0x000000010ce00000 	/Library/Java/JavaVirtualMachines/jdk1.8.0_144.jdk/Contents/Home/jre/lib/server/libjvm.dylib
0x000000005ce36000 	/usr/lib/libstdc++.6.dylib
0x000000010c4a9000 	/Library/Java/JavaVirtualMachines/jdk1.8.0_144.jdk/Contents/Home/jre/lib/libverify.dylib
0x000000010c4b7000 	/Library/Java/JavaVirtualMachines/jdk1.8.0_144.jdk/Contents/Home/jre/lib/libjava.dylib
0x000000010c4f6000 	/Library/Java/JavaVirtualMachines/jdk1.8.0_144.jdk/Contents/Home/jre/lib/libzip.dylib
0x000000011460f000 	/System/Library/Frameworks/JavaVM.framework/Frameworks/JavaRuntimeSupport.framework/JavaRuntimeSupport
0x0000000114629000 	/System/Library/Frameworks/JavaVM.framework/Versions/A/Frameworks/JavaNativeFoundation.framework/Versions/A/JavaNativeFoundation
0x000000011463e000 	/System/Library/Frameworks/JavaVM.framework/Versions/A/JavaVM
0x000000005ce36000 	/System/Library/Frameworks/Carbon.framework/Versions/A/Carbon
0x000000011464b000 	/System/Library/PrivateFrameworks/JavaLaunching.framework/Versions/A/JavaLaunching
0x000000005ce36000 	/System/Library/Frameworks/Carbon.framework/Versions/A/Frameworks/CommonPanels.framework/Versions/A/CommonPanels
0x000000005ce36000 	/System/Library/Frameworks/Carbon.framework/Versions/A/Frameworks/Help.framework/Versions/A/Help
0x000000005ce36000 	/System/Library/Frameworks/Carbon.framework/Versions/A/Frameworks/ImageCapture.framework/Versions/A/ImageCapture
0x000000005ce36000 	/System/Library/Frameworks/Carbon.framework/Versions/A/Frameworks/OpenScripting.framework/Versions/A/OpenScripting
0x000000005ce36000 	/System/Library/Frameworks/Carbon.framework/Versions/A/Frameworks/Print.framework/Versions/A/Print
0x000000005ce36000 	/System/Library/Frameworks/Carbon.framework/Versions/A/Frameworks/SecurityHI.framework/Versions/A/SecurityHI
0x0000000116039000 	/Library/Java/JavaVirtualMachines/jdk1.8.0_144.jdk/Contents/Home/jre/lib/libprism_es2.dylib
0x000000005ce36000 	/System/Library/Frameworks/OpenGL.framework/Versions/A/Resources/GLEngine.bundle/GLEngine
0x000000005ce36000 	/System/Library/Frameworks/OpenGL.framework/Versions/A/Libraries/libGLProgrammability.dylib
0x000000011609f000 	/System/Library/Extensions/AppleIntelHD3000GraphicsGLDriver.bundle/Contents/MacOS/AppleIntelHD3000GraphicsGLDriver
0x000000005ce36000 	/System/Library/PrivateFrameworks/GPUSupport.framework/Versions/A/Libraries/libGPUSupport.dylib
0x000000005ce36000 	/System/Library/Frameworks/OpenGL.framework/Versions/A/Resources/GLRendererFloat.bundle/GLRendererFloat
0x000000005ce36000 	/System/Library/Frameworks/OpenCL.framework/Versions/A/Libraries/libcldcpuengine.dylib
0x000000005ce36000 	/usr/lib/libcrypto.0.9.8.dylib
0x000000005ce36000 	/System/Library/PrivateFrameworks/TrustEvaluationAgent.framework/Versions/A/TrustEvaluationAgent
0x000000011673c000 	/Library/Java/JavaVirtualMachines/jdk1.8.0_144.jdk/Contents/Home/jre/lib/libglass.dylib
0x000000005ce36000 	/System/Library/PrivateFrameworks/CoreServicesInternal.framework/Versions/A/CoreServicesInternal
0x000000005ce36000 	/System/Library/CoreServices/RawCamera.bundle/Contents/MacOS/RawCamera
0x000000005ce36000 	/System/Library/Frameworks/Accelerate.framework/Versions/A/Frameworks/vImage.framework/Versions/A/Libraries/libCGInterfaces.dylib
0x000000005ce36000 	/System/Library/PrivateFrameworks/FamilyControls.framework/Versions/A/FamilyControls
0x000000005ce36000 	/System/Library/PrivateFrameworks/CommerceKit.framework/Versions/A/Frameworks/CommerceCore.framework/Versions/A/CommerceCore
0x000000005ce36000 	/System/Library/PrivateFrameworks/SystemAdministration.framework/Versions/A/SystemAdministration
0x000000005ce36000 	/System/Library/PrivateFrameworks/AppContainer.framework/Versions/A/AppContainer
0x000000005ce36000 	/System/Library/PrivateFrameworks/SecCodeWrapper.framework/Versions/A/SecCodeWrapper
0x000000005ce36000 	/System/Library/Frameworks/DirectoryService.framework/Versions/A/DirectoryService
0x000000005ce36000 	/System/Library/PrivateFrameworks/DiskImages.framework/Versions/A/DiskImages
0x000000005ce36000 	/System/Library/PrivateFrameworks/LoginUIKit.framework/Versions/A/Frameworks/LoginUICore.framework/Versions/A/LoginUICore
0x000000005ce36000 	/usr/lib/libCoreStorage.dylib
0x000000005ce36000 	/usr/lib/libcsfde.dylib
0x000000005ce36000 	/usr/lib/libodfde.dylib
0x000000005ce36000 	/System/Library/Frameworks/DiscRecording.framework/Versions/A/DiscRecording
0x000000005ce36000 	/usr/lib/libcurl.4.dylib
0x000000005ce36000 	/System/Library/PrivateFrameworks/MediaKit.framework/Versions/A/MediaKit
0x000000005ce36000 	/System/Library/PrivateFrameworks/ProtectedCloudStorage.framework/Versions/A/ProtectedCloudStorage
0x000000005ce36000 	/System/Library/PrivateFrameworks/EFILogin.framework/Versions/A/EFILogin
0x000000005ce36000 	/usr/lib/libutil.dylib
0x000000005ce36000 	/System/Library/Frameworks/LDAP.framework/Versions/A/LDAP
0x000000005ce36000 	/usr/lib/libsasl2.2.dylib
0x000000005ce36000 	/System/Library/PrivateFrameworks/CoreDaemon.framework/Versions/B/CoreDaemon
0x000000005ce36000 	/System/Library/PrivateFrameworks/AppleSRP.framework/Versions/A/AppleSRP
0x000000005ce36000 	/System/Library/PrivateFrameworks/APFS.framework/Versions/A/APFS
0x0000000128117000 	/Users/takk/Java/OpenCv/libopencv_java343.dylib
0x000000005ce36000 	/System/Library/Frameworks/AVFoundation.framework/Versions/A/AVFoundation
0x000000005ce36000 	/System/Library/Frameworks/CoreMedia.framework/Versions/A/CoreMedia
0x000000005ce36000 	/System/Library/Frameworks/AVFoundation.framework/Versions/A/Frameworks/AVFAudio.framework/Versions/A/AVFAudio
0x000000005ce36000 	/System/Library/Frameworks/MediaToolbox.framework/Versions/A/MediaToolbox
0x000000005ce36000 	/System/Library/Frameworks/VideoToolbox.framework/Versions/A/VideoToolbox
0x000000005ce36000 	/System/Library/PrivateFrameworks/IntlPreferences.framework/Versions/A/IntlPreferences
0x000000005ce36000 	/System/Library/Frameworks/CoreMediaIO.framework/Versions/A/CoreMediaIO
0x000000005ce36000 	/usr/lib/libspindump.dylib
0x000000005ce36000 	/usr/lib/libdscsym.dylib
0x000000005ce36000 	/System/Library/PrivateFrameworks/CoreAVCHD.framework/Versions/A/CoreAVCHD
0x000000005ce36000 	/System/Library/Frameworks/MediaAccessibility.framework/Versions/A/MediaAccessibility
0x000000005ce36000 	/System/Library/PrivateFrameworks/Mangrove.framework/Versions/A/Mangrove
0x000000005ce36000 	/System/Library/PrivateFrameworks/CoreAUC.framework/Versions/A/CoreAUC
0x000000005ce36000 	/System/Library/PrivateFrameworks/AppleVA.framework/Versions/A/AppleVA
0x000000005ce36000 	/System/Library/PrivateFrameworks/XPCService.framework/Versions/A/XPCService
0x000000005ce36000 	/System/Library/PrivateFrameworks/AppSandbox.framework/Versions/A/AppSandbox
0x000000005ce36000 	/usr/lib/libsandbox.1.dylib
0x000000005ce36000 	/usr/lib/libMatch.1.dylib
0x0000000116981000 	/Library/Java/JavaVirtualMachines/jdk1.8.0_144.jdk/Contents/Home/jre/lib/libjavafx_font.dylib
0x000000005ce36000 	/System/Library/Frameworks/ApplicationServices.framework/Versions/A/Frameworks/ATS.framework/Versions/A/Resources/libTrueTypeScaler.dylib
0x000000012dea7000 	/Library/Java/JavaVirtualMachines/jdk1.8.0_144.jdk/Contents/Home/jre/lib/libprism_common.dylib
0x000000005ce36000 	/System/Library/PrivateFrameworks/ViewBridge.framework/Versions/A/ViewBridge
0x0000000116b77000 	/System/Library/Extensions/AppleHDA.kext/Contents/PlugIns/AppleHDAHALPlugIn.bundle/Contents/MacOS/AppleHDAHALPlugIn
0x000000012fb61000 	/System/Library/Frameworks/CoreMediaIO.framework/Resources/VDC.plugin/Contents/MacOS/VDC
0x000000012fb92000 	/System/Library/Frameworks/CoreMediaIO.framework/Resources/CMIOUnits.bundle/Contents/MacOS/CMIOUnits
0x000000012fd1f000 	/System/Library/PrivateFrameworks/FWAVC.framework/Versions/A/FWAVC
0x000000005ce36000 	/System/Library/PrivateFrameworks/AppleGVA.framework/Versions/A/AppleGVA
0x000000012fd61000 	/Library/Java/JavaVirtualMachines/jdk1.8.0_144.jdk/Contents/Home/jre/lib/libawt.dylib
0x000000012fe09000 	/Library/Java/JavaVirtualMachines/jdk1.8.0_144.jdk/Contents/Home/jre/lib/./libmlib_image.dylib
0x0000000130ef8000 	/Library/Java/JavaVirtualMachines/jdk1.8.0_144.jdk/Contents/Home/jre/lib/libawt_lwawt.dylib
0x000000012e319000 	/Library/Java/JavaVirtualMachines/jdk1.8.0_144.jdk/Contents/Home/jre/lib/./libosxapp.dylib
0x000000005ce36000 	/System/Library/Frameworks/ExceptionHandling.framework/Versions/A/ExceptionHandling

VM Arguments:
jvm_args: -Djava.library.path=/Users/takk/Java/OpenCv -Dfile.encoding=UTF-8 
java_command: zenryokuservice.opencv.fx.Main
java_class_path (initial): /Library/Java/JavaVirtualMachines/jdk1.8.0_144.jdk/Contents/Home/jre/lib/resources.jar:/Library/Java/JavaVirtualMachines/jdk1.8.0_144.jdk/Contents/Home/jre/lib/rt.jar:/Library/Java/JavaVirtualMachines/jdk1.8.0_144.jdk/Contents/Home/jre/lib/jsse.jar:/Library/Java/JavaVirtualMachines/jdk1.8.0_144.jdk/Contents/Home/jre/lib/jce.jar:/Library/Java/JavaVirtualMachines/jdk1.8.0_144.jdk/Contents/Home/jre/lib/charsets.jar:/Library/Java/JavaVirtualMachines/jdk1.8.0_144.jdk/Contents/Home/jre/lib/jfr.jar:/Library/Java/JavaVirtualMachines/jdk1.8.0_144.jdk/Contents/Home/jre/lib/ext/cldrdata.jar:/Library/Java/JavaVirtualMachines/jdk1.8.0_144.jdk/Contents/Home/jre/lib/ext/dnsns.jar:/Library/Java/JavaVirtualMachines/jdk1.8.0_144.jdk/Contents/Home/jre/lib/ext/jaccess.jar:/Library/Java/JavaVirtualMachines/jdk1.8.0_144.jdk/Contents/Home/jre/lib/ext/jfxrt.jar:/Library/Java/JavaVirtualMachines/jdk1.8.0_144.jdk/Contents/Home/jre/lib/ext/localedata.jar:/Library/Java/JavaVirtualMachines/jdk1.8.0_144.jdk/Contents/Home/jre/lib/ext/nashorn.jar:/Library/Java/JavaVirtualMachines/jdk1.8.0_144.jdk/Contents/Home/jre/lib/ext/sunec.jar:/Library/Java/JavaVirtualMachines/jdk1.8.0_144.jdk/Contents/Home/jre/lib/ext/sunjce_provider.jar:/Library/Java/JavaVirtualMachines/jdk1.8.0_144.jdk/Contents/Home/jre/lib/ext/sunpkcs11.jar:/Library/Java/JavaVirtualMachines/jdk1.8.0_144.jdk/Contents/Home/jre/lib/ext/zipfs.jar:/Library/Java/Extensions/gluegen-rt.jar:/Library/Java/Extensions/j3dcore.jar:/Library/Java/Extensions/j3dutils.jar:/Library/Java/Extensions/jogl.jar:/Library/Java/Extensions/vecmath.jar:/System/Library/Java/Extensions/MRJToolkit.jar:/Users/takk/eclipse-workspace/OpeCvFX/bin:/Users/takk/Java/OpenCv/opencv-343.jar:/Users/takk/.p2/pool/plugins/org.eclipse.fx.ide.css.jfx8_3.0.0.201705220750.jar
Launcher Type: SUN_STANDARD

Environment Variables:
PATH=/usr/bin:/bin:/usr/sbin:/sbin
SHELL=/bin/bash

Signal Handlers:
SIGSEGV: [libjvm.dylib+0x5b26e5], sa_mask[0]=11111111011111110111111111111111, sa_flags=SA_ONSTACK|SA_RESTART|SA_SIGINFO
SIGBUS: [libjvm.dylib+0x5b26e5], sa_mask[0]=11111111011111110111111111111111, sa_flags=SA_RESTART|SA_SIGINFO
SIGFPE: [libjvm.dylib+0x489100], sa_mask[0]=11111111011111110111111111111111, sa_flags=SA_RESTART|SA_SIGINFO
SIGPIPE: [libjvm.dylib+0x489100], sa_mask[0]=11111111011111110111111111111111, sa_flags=SA_RESTART|SA_SIGINFO
SIGXFSZ: [libjvm.dylib+0x489100], sa_mask[0]=11111111011111110111111111111111, sa_flags=SA_RESTART|SA_SIGINFO
SIGILL: [libjvm.dylib+0x489100], sa_mask[0]=11111111011111110111111111111111, sa_flags=SA_RESTART|SA_SIGINFO
SIGUSR1: SIG_DFL, sa_mask[0]=00000000000000000000000000000000, sa_flags=none
SIGUSR2: [libjvm.dylib+0x488c1e], sa_mask[0]=00100000000000000000000000000000, sa_flags=SA_RESTART|SA_SIGINFO
SIGHUP: [libjvm.dylib+0x4871f5], sa_mask[0]=11111111011111110111111111111111, sa_flags=SA_RESTART|SA_SIGINFO
SIGINT: [libjvm.dylib+0x4871f5], sa_mask[0]=11111111011111110111111111111111, sa_flags=SA_RESTART|SA_SIGINFO
SIGTERM: [libjvm.dylib+0x4871f5], sa_mask[0]=11111111011111110111111111111111, sa_flags=SA_RESTART|SA_SIGINFO
SIGQUIT: [libjvm.dylib+0x4871f5], sa_mask[0]=11111111011111110111111111111111, sa_flags=SA_RESTART|SA_SIGINFO


---------------  S Y S T E M  ---------------

OS:Bsduname:Darwin 16.7.0 Darwin Kernel Version 16.7.0: Thu Jun 15 17:36:27 PDT 2017; root:xnu-3789.70.16~2/RELEASE_X86_64 x86_64
rlimit: STACK 8192k, CORE 0k, NPROC 709, NOFILE 10240, AS infinity
load average:1.61 1.55 1.57

CPU:total 4 (initial active 4) (2 cores per cpu, 2 threads per core) family 6 model 42 stepping 7, cmov, cx8, fxsr, mmx, sse, sse2, sse3, ssse3, sse4.1, sse4.2, popcnt, avx, aes, clmul, ht, tsc, tscinvbit

Memory: 4k page, physical 8388608k(508796k free)

/proc/meminfo:


vm_info: Java HotSpot(TM) 64-Bit Server VM (25.144-b01) for bsd-amd64 JRE (1.8.0_144-b01), built on Jul 21 2017 22:07:42 by "java_re" with gcc 4.2.1 (Based on Apple Inc. build 5658) (LLVM build 2336.11.00)

time: Sun Nov 18 14:29:06 2018
elapsed time: 87 seconds (0d 0h 1m 27s)

